=== 2025-08-18 05:05:01 start ===
Local cutoff: 20250719  (keep last 30 days)
Remote cutoff: 20250510 (keep last 100 days)
mkdir: Access failed: 550 Can't create directory: File exists (/train)
Uploaded: /home/masuday/projects/takao35/py_data/keio/publish/takao35_timetable_20250817.json
Remote delete: no old files.

=== Route: shinjuku_to_takao_direct (4254/1/1) [weekday] @ 2025-08-18T09:00:00 ===
[timetable] HTTP 200 application/json
minutesからの候補本数: 274
 progress: 50/274 candidates, kept 10
 progress: 75/274 candidates, kept 19
 progress: 175/274 candidates, kept 47
shinjuku_to_takao_direct [weekday] 本数: 58
CSV saved -> /home/masuday/projects/takao35/py_code/../py_data/keio/20250818_weekday_shinjuku_to_takao_direct.csv

=== Route: shinjuku_to_takao_direct (4254/1/1) [holiday] @ 2025-08-18T09:00:00 ===
[timetable] HTTP 200 application/json
minutesからの候補本数: 274
 progress: 50/274 candidates, kept 10
 progress: 75/274 candidates, kept 19
 progress: 175/274 candidates, kept 47
shinjuku_to_takao_direct [holiday] 本数: 58
CSV saved -> /home/masuday/projects/takao35/py_code/../py_data/keio/20250818_holiday_shinjuku_to_takao_direct.csv

=== Route: shinjuku_to_keiohachioji (4254/1/1) [weekday] @ 2025-08-18T09:00:00 ===
[timetable] HTTP 200 application/json
minutesからの候補本数: 272
 progress: 25/272 candidates, kept 21
 progress: 75/272 candidates, kept 48
 progress: 150/272 candidates, kept 73
 progress: 175/272 candidates, kept 86
 progress: 200/272 candidates, kept 99
 progress: 225/272 candidates, kept 112
 progress: 250/272 candidates, kept 126
shinjuku_to_keiohachioji [weekday] 本数: 145
CSV saved -> /home/masuday/projects/takao35/py_code/../py_data/keio/20250818_weekday_shinjuku_to_keiohachioji.csv

=== Route: shinjuku_to_keiohachioji (4254/1/1) [holiday] @ 2025-08-18T09:00:00 ===
[timetable] HTTP 200 application/json
minutesからの候補本数: 272
 progress: 25/272 candidates, kept 21
 progress: 75/272 candidates, kept 48
 progress: 150/272 candidates, kept 73
 progress: 175/272 candidates, kept 86
 progress: 200/272 candidates, kept 99
 progress: 225/272 candidates, kept 112
 progress: 250/272 candidates, kept 126
shinjuku_to_keiohachioji [holiday] 本数: 145
CSV saved -> /home/masuday/projects/takao35/py_code/../py_data/keio/20250818_holiday_shinjuku_to_keiohachioji.csv

=== Route: kitano_to_takao (8408/4/1) [weekday] @ 2025-08-18T09:00:00 ===
[timetable] HTTP 200 application/json
minutesからの候補本数: 54
 progress: 25/54 candidates, kept 25
 progress: 50/54 candidates, kept 50
kitano_to_takao [weekday] 本数: 54
CSV saved -> /home/masuday/projects/takao35/py_code/../py_data/keio/20250818_weekday_kitano_to_takao.csv

=== Route: kitano_to_takao (8408/4/1) [holiday] @ 2025-08-18T09:00:00 ===
[timetable] HTTP 200 application/json
minutesからの候補本数: 54
 progress: 25/54 candidates, kept 25
 progress: 50/54 candidates, kept 50
kitano_to_takao [holiday] 本数: 54
CSV saved -> /home/masuday/projects/takao35/py_code/../py_data/keio/20250818_holiday_kitano_to_takao.csv

=== Route: takao_to_up (2629/4/0) [weekday] @ 2025-08-18T09:00:00 ===
[timetable] HTTP 200 application/json
minutesからの候補本数: 67
 progress: 25/67 candidates, kept 25
 progress: 50/67 candidates, kept 50
takao_to_up [weekday] 本数: 67
CSV saved -> /home/masuday/projects/takao35/py_code/../py_data/keio/20250818_weekday_takao_to_up.csv

=== Route: takao_to_up (2629/4/0) [holiday] @ 2025-08-18T09:00:00 ===
[timetable] HTTP 200 application/json
minutesからの候補本数: 67
 progress: 25/67 candidates, kept 25
 progress: 50/67 candidates, kept 50
takao_to_up [holiday] 本数: 67
CSV saved -> /home/masuday/projects/takao35/py_code/../py_data/keio/20250818_holiday_takao_to_up.csv

=== Route: kitano_to_shinjuku (8408/1/0) [weekday] @ 2025-08-18T09:00:00 ===
[timetable] HTTP 200 application/json
minutesからの候補本数: 180
 progress: 25/180 candidates, kept 25
 progress: 50/180 candidates, kept 50
 progress: 75/180 candidates, kept 75
 progress: 100/180 candidates, kept 100
 progress: 125/180 candidates, kept 125
 progress: 150/180 candidates, kept 150
 progress: 175/180 candidates, kept 175
kitano_to_shinjuku [weekday] 本数: 180
CSV saved -> /home/masuday/projects/takao35/py_code/../py_data/keio/20250818_weekday_kitano_to_shinjuku.csv

=== Route: kitano_to_shinjuku (8408/1/0) [holiday] @ 2025-08-18T09:00:00 ===
[timetable] HTTP 200 application/json
minutesからの候補本数: 180
 progress: 25/180 candidates, kept 25
 progress: 50/180 candidates, kept 50
 progress: 75/180 candidates, kept 75
 progress: 100/180 candidates, kept 100
 progress: 125/180 candidates, kept 125
 progress: 150/180 candidates, kept 150
 progress: 175/180 candidates, kept 175
kitano_to_shinjuku [holiday] 本数: 180
CSV saved -> /home/masuday/projects/takao35/py_code/../py_data/keio/20250818_holiday_kitano_to_shinjuku.csv
Wrote: /home/masuday/projects/takao35/py_data/keio/publish/takao35_timetable_20250818.json
Local cutoff: 20250719  (keep last 30 days)
Remote cutoff: 20250510 (keep last 100 days)
mkdir: Access failed: 550 Can't create directory: File exists (/train)
Uploaded: /home/masuday/projects/takao35/py_data/keio/publish/takao35_timetable_20250818.json
Remote delete: no old files.
=== 2025-08-18 05:47:45 done ===
=== 2025-08-19 05:05:01 start ===
Local cutoff: 20250720  (keep last 30 days)
Remote cutoff: 20250511 (keep last 100 days)
mkdir: Access failed: 550 Can't create directory: File exists (/train)
Uploaded: /home/masuday/projects/takao35/py_data/keio/publish/takao35_timetable_20250818.json
Remote delete: no old files.

=== Route: shinjuku_to_takao_direct (4254/1/1) [weekday] @ 2025-08-19T09:00:00 ===
[timetable] HTTP 200 application/json
minutesからの候補本数: 274
 progress: 50/274 candidates, kept 10
 progress: 75/274 candidates, kept 19
 progress: 175/274 candidates, kept 47
shinjuku_to_takao_direct [weekday] 本数: 58
CSV saved -> /home/masuday/projects/takao35/py_code/../py_data/keio/20250819_weekday_shinjuku_to_takao_direct.csv

=== Route: shinjuku_to_takao_direct (4254/1/1) [holiday] @ 2025-08-19T09:00:00 ===
[timetable] HTTP 200 application/json
minutesからの候補本数: 274
 progress: 50/274 candidates, kept 10
 progress: 75/274 candidates, kept 19
 progress: 175/274 candidates, kept 47
shinjuku_to_takao_direct [holiday] 本数: 58
CSV saved -> /home/masuday/projects/takao35/py_code/../py_data/keio/20250819_holiday_shinjuku_to_takao_direct.csv

=== Route: shinjuku_to_keiohachioji (4254/1/1) [weekday] @ 2025-08-19T09:00:00 ===
[timetable] HTTP 200 application/json
minutesからの候補本数: 272
 progress: 25/272 candidates, kept 21
 progress: 75/272 candidates, kept 48
 progress: 150/272 candidates, kept 73
 progress: 175/272 candidates, kept 86
 progress: 200/272 candidates, kept 99
 progress: 225/272 candidates, kept 112
 progress: 250/272 candidates, kept 126
shinjuku_to_keiohachioji [weekday] 本数: 145
CSV saved -> /home/masuday/projects/takao35/py_code/../py_data/keio/20250819_weekday_shinjuku_to_keiohachioji.csv

=== Route: shinjuku_to_keiohachioji (4254/1/1) [holiday] @ 2025-08-19T09:00:00 ===
[timetable] HTTP 200 application/json
minutesからの候補本数: 272
 progress: 25/272 candidates, kept 21
 progress: 75/272 candidates, kept 48
 progress: 150/272 candidates, kept 73
 progress: 175/272 candidates, kept 86
 progress: 200/272 candidates, kept 99
 progress: 225/272 candidates, kept 112
 progress: 250/272 candidates, kept 126
shinjuku_to_keiohachioji [holiday] 本数: 145
CSV saved -> /home/masuday/projects/takao35/py_code/../py_data/keio/20250819_holiday_shinjuku_to_keiohachioji.csv

=== Route: kitano_to_takao (8408/4/1) [weekday] @ 2025-08-19T09:00:00 ===
[timetable] HTTP 200 application/json
minutesからの候補本数: 54
 progress: 25/54 candidates, kept 25
 progress: 50/54 candidates, kept 50
kitano_to_takao [weekday] 本数: 54
CSV saved -> /home/masuday/projects/takao35/py_code/../py_data/keio/20250819_weekday_kitano_to_takao.csv

=== Route: kitano_to_takao (8408/4/1) [holiday] @ 2025-08-19T09:00:00 ===
[timetable] HTTP 200 application/json
minutesからの候補本数: 54
 progress: 25/54 candidates, kept 25
 progress: 50/54 candidates, kept 50
kitano_to_takao [holiday] 本数: 54
CSV saved -> /home/masuday/projects/takao35/py_code/../py_data/keio/20250819_holiday_kitano_to_takao.csv

=== Route: takao_to_up (2629/4/0) [weekday] @ 2025-08-19T09:00:00 ===
[timetable] HTTP 200 application/json
minutesからの候補本数: 67
 progress: 25/67 candidates, kept 25
 progress: 50/67 candidates, kept 50
takao_to_up [weekday] 本数: 67
CSV saved -> /home/masuday/projects/takao35/py_code/../py_data/keio/20250819_weekday_takao_to_up.csv

=== Route: takao_to_up (2629/4/0) [holiday] @ 2025-08-19T09:00:00 ===
[timetable] HTTP 200 application/json
minutesからの候補本数: 67
 progress: 25/67 candidates, kept 25
 progress: 50/67 candidates, kept 50
takao_to_up [holiday] 本数: 67
CSV saved -> /home/masuday/projects/takao35/py_code/../py_data/keio/20250819_holiday_takao_to_up.csv

=== Route: kitano_to_shinjuku (8408/1/0) [weekday] @ 2025-08-19T09:00:00 ===
[timetable] HTTP 200 application/json
minutesからの候補本数: 180
 progress: 25/180 candidates, kept 25
 progress: 50/180 candidates, kept 50
 progress: 75/180 candidates, kept 75
 progress: 100/180 candidates, kept 100
 progress: 125/180 candidates, kept 125
 progress: 150/180 candidates, kept 150
 progress: 175/180 candidates, kept 175
kitano_to_shinjuku [weekday] 本数: 180
CSV saved -> /home/masuday/projects/takao35/py_code/../py_data/keio/20250819_weekday_kitano_to_shinjuku.csv

=== Route: kitano_to_shinjuku (8408/1/0) [holiday] @ 2025-08-19T09:00:00 ===
[timetable] HTTP 200 application/json
minutesからの候補本数: 180
 progress: 25/180 candidates, kept 25
 progress: 50/180 candidates, kept 50
 progress: 75/180 candidates, kept 75
 progress: 100/180 candidates, kept 100
 progress: 125/180 candidates, kept 125
 progress: 150/180 candidates, kept 150
 progress: 175/180 candidates, kept 175
kitano_to_shinjuku [holiday] 本数: 180
CSV saved -> /home/masuday/projects/takao35/py_code/../py_data/keio/20250819_holiday_kitano_to_shinjuku.csv
Wrote: /home/masuday/projects/takao35/py_data/keio/publish/takao35_timetable_20250819.json
Local cutoff: 20250720  (keep last 30 days)
Remote cutoff: 20250511 (keep last 100 days)
mkdir: Access failed: 550 Can't create directory: File exists (/train)
Uploaded: /home/masuday/projects/takao35/py_data/keio/publish/takao35_timetable_20250819.json
Remote delete: no old files.
=== 2025-08-19 05:47:41 done ===
=== 2025-08-20 05:05:01 start ===
Local cutoff: 20250721  (keep last 30 days)
Remote cutoff: 20250512 (keep last 100 days)
mkdir: Access failed: 550 Can't create directory: File exists (/train)
Uploaded: /home/masuday/projects/takao35/py_data/keio/publish/takao35_timetable_20250819.json
Remote delete: no old files.

=== Route: shinjuku_to_takao_direct (4254/1/1) [weekday] @ 2025-08-20T09:00:00 ===
[timetable] HTTP 200 application/json
minutesからの候補本数: 274
 progress: 50/274 candidates, kept 10
 progress: 75/274 candidates, kept 19
 progress: 175/274 candidates, kept 47
shinjuku_to_takao_direct [weekday] 本数: 58
CSV saved -> /home/masuday/projects/takao35/py_code/../py_data/keio/20250820_weekday_shinjuku_to_takao_direct.csv

=== Route: shinjuku_to_takao_direct (4254/1/1) [holiday] @ 2025-08-20T09:00:00 ===
[timetable] HTTP 200 application/json
minutesからの候補本数: 274
 progress: 50/274 candidates, kept 10
 progress: 75/274 candidates, kept 19
 progress: 175/274 candidates, kept 47
shinjuku_to_takao_direct [holiday] 本数: 58
CSV saved -> /home/masuday/projects/takao35/py_code/../py_data/keio/20250820_holiday_shinjuku_to_takao_direct.csv

=== Route: shinjuku_to_keiohachioji (4254/1/1) [weekday] @ 2025-08-20T09:00:00 ===
[timetable] HTTP 200 application/json
minutesからの候補本数: 272
 progress: 25/272 candidates, kept 21
 progress: 75/272 candidates, kept 48
 progress: 150/272 candidates, kept 73
 progress: 175/272 candidates, kept 86
 progress: 200/272 candidates, kept 99
 progress: 225/272 candidates, kept 112
 progress: 250/272 candidates, kept 126
shinjuku_to_keiohachioji [weekday] 本数: 145
CSV saved -> /home/masuday/projects/takao35/py_code/../py_data/keio/20250820_weekday_shinjuku_to_keiohachioji.csv

=== Route: shinjuku_to_keiohachioji (4254/1/1) [holiday] @ 2025-08-20T09:00:00 ===
[timetable] HTTP 200 application/json
minutesからの候補本数: 272
 progress: 25/272 candidates, kept 21
 progress: 75/272 candidates, kept 48
 progress: 150/272 candidates, kept 73
 progress: 175/272 candidates, kept 86
 progress: 200/272 candidates, kept 99
 progress: 225/272 candidates, kept 112
 progress: 250/272 candidates, kept 126
shinjuku_to_keiohachioji [holiday] 本数: 145
CSV saved -> /home/masuday/projects/takao35/py_code/../py_data/keio/20250820_holiday_shinjuku_to_keiohachioji.csv

=== Route: kitano_to_takao (8408/4/1) [weekday] @ 2025-08-20T09:00:00 ===
[timetable] HTTP 200 application/json
minutesからの候補本数: 54
 progress: 25/54 candidates, kept 25
 progress: 50/54 candidates, kept 50
kitano_to_takao [weekday] 本数: 54
CSV saved -> /home/masuday/projects/takao35/py_code/../py_data/keio/20250820_weekday_kitano_to_takao.csv

=== Route: kitano_to_takao (8408/4/1) [holiday] @ 2025-08-20T09:00:00 ===
[timetable] HTTP 200 application/json
minutesからの候補本数: 54
 progress: 25/54 candidates, kept 25
 progress: 50/54 candidates, kept 50
kitano_to_takao [holiday] 本数: 54
CSV saved -> /home/masuday/projects/takao35/py_code/../py_data/keio/20250820_holiday_kitano_to_takao.csv

=== Route: takao_to_up (2629/4/0) [weekday] @ 2025-08-20T09:00:00 ===
[timetable] HTTP 200 application/json
minutesからの候補本数: 67
 progress: 25/67 candidates, kept 25
 progress: 50/67 candidates, kept 50
takao_to_up [weekday] 本数: 67
CSV saved -> /home/masuday/projects/takao35/py_code/../py_data/keio/20250820_weekday_takao_to_up.csv

=== Route: takao_to_up (2629/4/0) [holiday] @ 2025-08-20T09:00:00 ===
[timetable] HTTP 200 application/json
minutesからの候補本数: 67
 progress: 25/67 candidates, kept 25
 progress: 50/67 candidates, kept 50
takao_to_up [holiday] 本数: 67
CSV saved -> /home/masuday/projects/takao35/py_code/../py_data/keio/20250820_holiday_takao_to_up.csv

=== Route: kitano_to_shinjuku (8408/1/0) [weekday] @ 2025-08-20T09:00:00 ===
[timetable] HTTP 200 application/json
minutesからの候補本数: 180
 progress: 25/180 candidates, kept 25
 progress: 50/180 candidates, kept 50
 progress: 75/180 candidates, kept 75
 progress: 100/180 candidates, kept 100
 progress: 125/180 candidates, kept 125
 progress: 150/180 candidates, kept 150
 progress: 175/180 candidates, kept 175
kitano_to_shinjuku [weekday] 本数: 180
CSV saved -> /home/masuday/projects/takao35/py_code/../py_data/keio/20250820_weekday_kitano_to_shinjuku.csv

=== Route: kitano_to_shinjuku (8408/1/0) [holiday] @ 2025-08-20T09:00:00 ===
[timetable] HTTP 200 application/json
minutesからの候補本数: 180
 progress: 25/180 candidates, kept 25
 progress: 50/180 candidates, kept 50
 progress: 75/180 candidates, kept 75
 progress: 100/180 candidates, kept 100
 progress: 125/180 candidates, kept 125
 progress: 150/180 candidates, kept 150
 progress: 175/180 candidates, kept 175
kitano_to_shinjuku [holiday] 本数: 180
CSV saved -> /home/masuday/projects/takao35/py_code/../py_data/keio/20250820_holiday_kitano_to_shinjuku.csv
Wrote: /home/masuday/projects/takao35/py_data/keio/publish/takao35_timetable_20250820.json
Local cutoff: 20250721  (keep last 30 days)
Remote cutoff: 20250512 (keep last 100 days)
mkdir: Access failed: 550 Can't create directory: File exists (/train)
Uploaded: /home/masuday/projects/takao35/py_data/keio/publish/takao35_timetable_20250820.json
Remote delete: no old files.
=== 2025-08-20 05:47:34 done ===
=== 2025-08-21 05:05:01 start ===
Local cutoff: 20250722  (keep last 30 days)
Remote cutoff: 20250513 (keep last 100 days)
mkdir: Access failed: 550 Can't create directory: File exists (/train)
Uploaded: /home/masuday/projects/takao35/py_data/keio/publish/takao35_timetable_20250820.json
Remote delete: no old files.

=== Route: shinjuku_to_takao_direct (4254/1/1) [weekday] @ 2025-08-21T09:00:00 ===
[timetable] HTTP 200 application/json
minutesからの候補本数: 274
 progress: 50/274 candidates, kept 10
 progress: 75/274 candidates, kept 19
 progress: 175/274 candidates, kept 47
shinjuku_to_takao_direct [weekday] 本数: 58
CSV saved -> /home/masuday/projects/takao35/py_code/../py_data/keio/20250821_weekday_shinjuku_to_takao_direct.csv

=== Route: shinjuku_to_takao_direct (4254/1/1) [holiday] @ 2025-08-21T09:00:00 ===
[timetable] HTTP 200 application/json
minutesからの候補本数: 274
 progress: 50/274 candidates, kept 10
 progress: 75/274 candidates, kept 19
 progress: 175/274 candidates, kept 47
shinjuku_to_takao_direct [holiday] 本数: 58
CSV saved -> /home/masuday/projects/takao35/py_code/../py_data/keio/20250821_holiday_shinjuku_to_takao_direct.csv

=== Route: shinjuku_to_keiohachioji (4254/1/1) [weekday] @ 2025-08-21T09:00:00 ===
[timetable] HTTP 200 application/json
minutesからの候補本数: 272
 progress: 25/272 candidates, kept 21
 progress: 75/272 candidates, kept 48
 progress: 150/272 candidates, kept 73
 progress: 175/272 candidates, kept 86
 progress: 200/272 candidates, kept 99
 progress: 225/272 candidates, kept 112
 progress: 250/272 candidates, kept 126
shinjuku_to_keiohachioji [weekday] 本数: 145
CSV saved -> /home/masuday/projects/takao35/py_code/../py_data/keio/20250821_weekday_shinjuku_to_keiohachioji.csv

=== Route: shinjuku_to_keiohachioji (4254/1/1) [holiday] @ 2025-08-21T09:00:00 ===
[timetable] HTTP 200 application/json
minutesからの候補本数: 272
 progress: 25/272 candidates, kept 21
 progress: 75/272 candidates, kept 48
 progress: 150/272 candidates, kept 73
 progress: 175/272 candidates, kept 86
 progress: 200/272 candidates, kept 99
 progress: 225/272 candidates, kept 112
 progress: 250/272 candidates, kept 126
shinjuku_to_keiohachioji [holiday] 本数: 145
CSV saved -> /home/masuday/projects/takao35/py_code/../py_data/keio/20250821_holiday_shinjuku_to_keiohachioji.csv

=== Route: kitano_to_takao (8408/4/1) [weekday] @ 2025-08-21T09:00:00 ===
[timetable] HTTP 200 application/json
minutesからの候補本数: 54
 progress: 25/54 candidates, kept 25
 progress: 50/54 candidates, kept 50
kitano_to_takao [weekday] 本数: 54
CSV saved -> /home/masuday/projects/takao35/py_code/../py_data/keio/20250821_weekday_kitano_to_takao.csv

=== Route: kitano_to_takao (8408/4/1) [holiday] @ 2025-08-21T09:00:00 ===
[timetable] HTTP 200 application/json
minutesからの候補本数: 54
 progress: 25/54 candidates, kept 25
 progress: 50/54 candidates, kept 50
kitano_to_takao [holiday] 本数: 54
CSV saved -> /home/masuday/projects/takao35/py_code/../py_data/keio/20250821_holiday_kitano_to_takao.csv

=== Route: takao_to_up (2629/4/0) [weekday] @ 2025-08-21T09:00:00 ===
[timetable] HTTP 200 application/json
minutesからの候補本数: 67
 progress: 25/67 candidates, kept 25
 progress: 50/67 candidates, kept 50
takao_to_up [weekday] 本数: 67
CSV saved -> /home/masuday/projects/takao35/py_code/../py_data/keio/20250821_weekday_takao_to_up.csv

=== Route: takao_to_up (2629/4/0) [holiday] @ 2025-08-21T09:00:00 ===
[timetable] HTTP 200 application/json
minutesからの候補本数: 67
 progress: 25/67 candidates, kept 25
 progress: 50/67 candidates, kept 50
takao_to_up [holiday] 本数: 67
CSV saved -> /home/masuday/projects/takao35/py_code/../py_data/keio/20250821_holiday_takao_to_up.csv

=== Route: kitano_to_shinjuku (8408/1/0) [weekday] @ 2025-08-21T09:00:00 ===
[timetable] HTTP 200 application/json
minutesからの候補本数: 180
 progress: 25/180 candidates, kept 25
 progress: 50/180 candidates, kept 50
 progress: 75/180 candidates, kept 75
 progress: 100/180 candidates, kept 100
 progress: 125/180 candidates, kept 125
 progress: 150/180 candidates, kept 150
 progress: 175/180 candidates, kept 175
kitano_to_shinjuku [weekday] 本数: 180
CSV saved -> /home/masuday/projects/takao35/py_code/../py_data/keio/20250821_weekday_kitano_to_shinjuku.csv

=== Route: kitano_to_shinjuku (8408/1/0) [holiday] @ 2025-08-21T09:00:00 ===
[timetable] HTTP 200 application/json
minutesからの候補本数: 180
 progress: 25/180 candidates, kept 25
 progress: 50/180 candidates, kept 50
 progress: 75/180 candidates, kept 75
 progress: 100/180 candidates, kept 100
 progress: 125/180 candidates, kept 125
 progress: 150/180 candidates, kept 150
 progress: 175/180 candidates, kept 175
kitano_to_shinjuku [holiday] 本数: 180
CSV saved -> /home/masuday/projects/takao35/py_code/../py_data/keio/20250821_holiday_kitano_to_shinjuku.csv
Wrote: /home/masuday/projects/takao35/py_data/keio/publish/takao35_timetable_20250821.json
Local cutoff: 20250722  (keep last 30 days)
Remote cutoff: 20250513 (keep last 100 days)
mkdir: Access failed: 550 Can't create directory: File exists (/train)
Uploaded: /home/masuday/projects/takao35/py_data/keio/publish/takao35_timetable_20250821.json
Remote delete: no old files.
=== 2025-08-21 07:00:48 done ===
=== 2025-08-22 05:05:01 start ===
Local cutoff: 20250723  (keep last 30 days)
Remote cutoff: 20250514 (keep last 100 days)
mkdir: Access failed: 550 Can't create directory: File exists (/train)
Uploaded: /home/masuday/projects/takao35/py_data/keio/publish/takao35_timetable_20250821.json
Remote delete: no old files.

=== Route: shinjuku_to_takao_direct (4254/1/1) [weekday] @ 2025-08-22T09:00:00 ===
[timetable] HTTP 200 application/json
minutesからの候補本数: 274
 progress: 50/274 candidates, kept 10
 progress: 75/274 candidates, kept 19
 progress: 175/274 candidates, kept 47
shinjuku_to_takao_direct [weekday] 本数: 58
CSV saved -> /home/masuday/projects/takao35/py_code/../py_data/keio/20250822_weekday_shinjuku_to_takao_direct.csv

=== Route: shinjuku_to_takao_direct (4254/1/1) [holiday] @ 2025-08-22T09:00:00 ===
[timetable] HTTP 200 application/json
minutesからの候補本数: 274
 progress: 50/274 candidates, kept 10
 progress: 75/274 candidates, kept 19
 progress: 175/274 candidates, kept 47
shinjuku_to_takao_direct [holiday] 本数: 58
CSV saved -> /home/masuday/projects/takao35/py_code/../py_data/keio/20250822_holiday_shinjuku_to_takao_direct.csv

=== Route: shinjuku_to_keiohachioji (4254/1/1) [weekday] @ 2025-08-22T09:00:00 ===
[timetable] HTTP 200 application/json
minutesからの候補本数: 272
 progress: 25/272 candidates, kept 21
 progress: 75/272 candidates, kept 48
 progress: 150/272 candidates, kept 73
 progress: 175/272 candidates, kept 86
 progress: 200/272 candidates, kept 99
 progress: 225/272 candidates, kept 112
 progress: 250/272 candidates, kept 126
shinjuku_to_keiohachioji [weekday] 本数: 145
CSV saved -> /home/masuday/projects/takao35/py_code/../py_data/keio/20250822_weekday_shinjuku_to_keiohachioji.csv

=== Route: shinjuku_to_keiohachioji (4254/1/1) [holiday] @ 2025-08-22T09:00:00 ===
[timetable] HTTP 200 application/json
minutesからの候補本数: 272
 progress: 25/272 candidates, kept 21
 progress: 75/272 candidates, kept 48
 progress: 150/272 candidates, kept 73
 progress: 175/272 candidates, kept 86
 progress: 200/272 candidates, kept 99
 progress: 225/272 candidates, kept 112
 progress: 250/272 candidates, kept 126
shinjuku_to_keiohachioji [holiday] 本数: 145
CSV saved -> /home/masuday/projects/takao35/py_code/../py_data/keio/20250822_holiday_shinjuku_to_keiohachioji.csv

=== Route: kitano_to_takao (8408/4/1) [weekday] @ 2025-08-22T09:00:00 ===
[timetable] HTTP 200 application/json
minutesからの候補本数: 54
 progress: 25/54 candidates, kept 25
 progress: 50/54 candidates, kept 50
kitano_to_takao [weekday] 本数: 54
CSV saved -> /home/masuday/projects/takao35/py_code/../py_data/keio/20250822_weekday_kitano_to_takao.csv

=== Route: kitano_to_takao (8408/4/1) [holiday] @ 2025-08-22T09:00:00 ===
[timetable] HTTP 200 application/json
minutesからの候補本数: 54
 progress: 25/54 candidates, kept 25
 progress: 50/54 candidates, kept 50
kitano_to_takao [holiday] 本数: 54
CSV saved -> /home/masuday/projects/takao35/py_code/../py_data/keio/20250822_holiday_kitano_to_takao.csv

=== Route: takao_to_up (2629/4/0) [weekday] @ 2025-08-22T09:00:00 ===
[timetable] HTTP 200 application/json
minutesからの候補本数: 67
 progress: 25/67 candidates, kept 25
 progress: 50/67 candidates, kept 50
takao_to_up [weekday] 本数: 67
CSV saved -> /home/masuday/projects/takao35/py_code/../py_data/keio/20250822_weekday_takao_to_up.csv

=== Route: takao_to_up (2629/4/0) [holiday] @ 2025-08-22T09:00:00 ===
[timetable] HTTP 200 application/json
minutesからの候補本数: 67
 progress: 25/67 candidates, kept 25
 progress: 50/67 candidates, kept 50
takao_to_up [holiday] 本数: 67
CSV saved -> /home/masuday/projects/takao35/py_code/../py_data/keio/20250822_holiday_takao_to_up.csv

=== Route: kitano_to_shinjuku (8408/1/0) [weekday] @ 2025-08-22T09:00:00 ===
[timetable] HTTP 200 application/json
minutesからの候補本数: 180
 progress: 25/180 candidates, kept 25
 progress: 50/180 candidates, kept 50
 progress: 75/180 candidates, kept 75
 progress: 100/180 candidates, kept 100
 progress: 125/180 candidates, kept 125
 progress: 150/180 candidates, kept 150
 progress: 175/180 candidates, kept 175
kitano_to_shinjuku [weekday] 本数: 180
CSV saved -> /home/masuday/projects/takao35/py_code/../py_data/keio/20250822_weekday_kitano_to_shinjuku.csv

=== Route: kitano_to_shinjuku (8408/1/0) [holiday] @ 2025-08-22T09:00:00 ===
[timetable] HTTP 200 application/json
minutesからの候補本数: 180
 progress: 25/180 candidates, kept 25
 progress: 50/180 candidates, kept 50
 progress: 75/180 candidates, kept 75
 progress: 100/180 candidates, kept 100
 progress: 125/180 candidates, kept 125
 progress: 150/180 candidates, kept 150
 progress: 175/180 candidates, kept 175
kitano_to_shinjuku [holiday] 本数: 180
CSV saved -> /home/masuday/projects/takao35/py_code/../py_data/keio/20250822_holiday_kitano_to_shinjuku.csv
Wrote: /home/masuday/projects/takao35/py_data/keio/publish/takao35_timetable_20250822.json
Local cutoff: 20250723  (keep last 30 days)
Remote cutoff: 20250514 (keep last 100 days)
mkdir: Access failed: 550 Can't create directory: File exists (/train)
Uploaded: /home/masuday/projects/takao35/py_data/keio/publish/takao35_timetable_20250822.json
Remote delete: no old files.
=== 2025-08-22 05:47:30 done ===
=== 2025-08-23 05:05:01 start ===
Local cutoff: 20250724  (keep last 30 days)
Remote cutoff: 20250515 (keep last 100 days)
mkdir: Access failed: 550 Can't create directory: File exists (/train)
Uploaded: /home/masuday/projects/takao35/py_data/keio/publish/takao35_timetable_20250822.json
Remote delete: no old files.

=== Route: shinjuku_to_takao_direct (4254/1/1) [weekday] @ 2025-08-23T09:00:00 ===
[timetable] HTTP 200 application/json
minutesからの候補本数: 274
 progress: 50/274 candidates, kept 10
 progress: 75/274 candidates, kept 19
 progress: 175/274 candidates, kept 47
shinjuku_to_takao_direct [weekday] 本数: 58
CSV saved -> /home/masuday/projects/takao35/py_code/../py_data/keio/20250823_weekday_shinjuku_to_takao_direct.csv

=== Route: shinjuku_to_takao_direct (4254/1/1) [holiday] @ 2025-08-23T09:00:00 ===
[timetable] HTTP 200 application/json
minutesからの候補本数: 274
 progress: 50/274 candidates, kept 10
 progress: 75/274 candidates, kept 19
 progress: 175/274 candidates, kept 47
shinjuku_to_takao_direct [holiday] 本数: 58
CSV saved -> /home/masuday/projects/takao35/py_code/../py_data/keio/20250823_holiday_shinjuku_to_takao_direct.csv

=== Route: shinjuku_to_keiohachioji (4254/1/1) [weekday] @ 2025-08-23T09:00:00 ===
[timetable] HTTP 200 application/json
minutesからの候補本数: 272
 progress: 25/272 candidates, kept 21
 progress: 75/272 candidates, kept 48
 progress: 150/272 candidates, kept 73
 progress: 175/272 candidates, kept 86
 progress: 200/272 candidates, kept 99
 progress: 225/272 candidates, kept 112
 progress: 250/272 candidates, kept 126
shinjuku_to_keiohachioji [weekday] 本数: 145
CSV saved -> /home/masuday/projects/takao35/py_code/../py_data/keio/20250823_weekday_shinjuku_to_keiohachioji.csv

=== Route: shinjuku_to_keiohachioji (4254/1/1) [holiday] @ 2025-08-23T09:00:00 ===
[timetable] HTTP 200 application/json
minutesからの候補本数: 272
 progress: 25/272 candidates, kept 21
 progress: 75/272 candidates, kept 48
 progress: 150/272 candidates, kept 73
 progress: 175/272 candidates, kept 86
 progress: 200/272 candidates, kept 99
 progress: 225/272 candidates, kept 112
 progress: 250/272 candidates, kept 126
shinjuku_to_keiohachioji [holiday] 本数: 145
CSV saved -> /home/masuday/projects/takao35/py_code/../py_data/keio/20250823_holiday_shinjuku_to_keiohachioji.csv

=== Route: kitano_to_takao (8408/4/1) [weekday] @ 2025-08-23T09:00:00 ===
[timetable] HTTP 200 application/json
minutesからの候補本数: 54
 progress: 25/54 candidates, kept 25
 progress: 50/54 candidates, kept 50
kitano_to_takao [weekday] 本数: 54
CSV saved -> /home/masuday/projects/takao35/py_code/../py_data/keio/20250823_weekday_kitano_to_takao.csv

=== Route: kitano_to_takao (8408/4/1) [holiday] @ 2025-08-23T09:00:00 ===
[timetable] HTTP 200 application/json
minutesからの候補本数: 54
 progress: 25/54 candidates, kept 25
 progress: 50/54 candidates, kept 50
kitano_to_takao [holiday] 本数: 54
CSV saved -> /home/masuday/projects/takao35/py_code/../py_data/keio/20250823_holiday_kitano_to_takao.csv

=== Route: takao_to_up (2629/4/0) [weekday] @ 2025-08-23T09:00:00 ===
[timetable] HTTP 200 application/json
minutesからの候補本数: 67
 progress: 25/67 candidates, kept 25
 progress: 50/67 candidates, kept 50
takao_to_up [weekday] 本数: 67
CSV saved -> /home/masuday/projects/takao35/py_code/../py_data/keio/20250823_weekday_takao_to_up.csv

=== Route: takao_to_up (2629/4/0) [holiday] @ 2025-08-23T09:00:00 ===
[timetable] HTTP 200 application/json
minutesからの候補本数: 67
 progress: 25/67 candidates, kept 25
 progress: 50/67 candidates, kept 50
takao_to_up [holiday] 本数: 67
CSV saved -> /home/masuday/projects/takao35/py_code/../py_data/keio/20250823_holiday_takao_to_up.csv

=== Route: kitano_to_shinjuku (8408/1/0) [weekday] @ 2025-08-23T09:00:00 ===
[timetable] HTTP 200 application/json
minutesからの候補本数: 180
 progress: 25/180 candidates, kept 25
 progress: 50/180 candidates, kept 50
 progress: 75/180 candidates, kept 75
 progress: 100/180 candidates, kept 100
 progress: 125/180 candidates, kept 125
 progress: 150/180 candidates, kept 150
 progress: 175/180 candidates, kept 175
kitano_to_shinjuku [weekday] 本数: 180
CSV saved -> /home/masuday/projects/takao35/py_code/../py_data/keio/20250823_weekday_kitano_to_shinjuku.csv

=== Route: kitano_to_shinjuku (8408/1/0) [holiday] @ 2025-08-23T09:00:00 ===
[timetable] HTTP 200 application/json
minutesからの候補本数: 180
 progress: 25/180 candidates, kept 25
 progress: 50/180 candidates, kept 50
 progress: 75/180 candidates, kept 75
 progress: 100/180 candidates, kept 100
 progress: 125/180 candidates, kept 125
 progress: 150/180 candidates, kept 150
 progress: 175/180 candidates, kept 175
kitano_to_shinjuku [holiday] 本数: 180
CSV saved -> /home/masuday/projects/takao35/py_code/../py_data/keio/20250823_holiday_kitano_to_shinjuku.csv
Wrote: /home/masuday/projects/takao35/py_data/keio/publish/takao35_timetable_20250823.json
Local cutoff: 20250724  (keep last 30 days)
Remote cutoff: 20250515 (keep last 100 days)
mkdir: Access failed: 550 Can't create directory: File exists (/train)
Uploaded: /home/masuday/projects/takao35/py_data/keio/publish/takao35_timetable_20250823.json
Remote delete: no old files.
=== 2025-08-23 05:47:34 done ===
=== 2025-08-24 05:05:01 start ===
Local cutoff: 20250725  (keep last 30 days)
Remote cutoff: 20250516 (keep last 100 days)
mkdir: Access failed: 550 Can't create directory: File exists (/train)
put: /tmp/tmp.OTpL2Q5eP5/latest.json: No such file or directory

=== Route: shinjuku_to_takao_direct (4254/1/1) [weekday] @ 2025-08-24T09:00:00 ===
[timetable] HTTP 200 application/json
minutesからの候補本数: 274
 progress: 50/274 candidates, kept 5
 progress: 75/274 candidates, kept 9
 progress: 175/274 candidates, kept 22
shinjuku_to_takao_direct [weekday] 本数: 23
CSV saved -> /home/masuday/projects/takao35/py_code/../py_data/keio/20250824_weekday_shinjuku_to_takao_direct.csv

=== Route: shinjuku_to_takao_direct (4254/1/1) [holiday] @ 2025-08-24T09:00:00 ===
[timetable] HTTP 200 application/json
minutesからの候補本数: 274
 progress: 50/274 candidates, kept 5
 progress: 75/274 candidates, kept 10
 progress: 175/274 candidates, kept 25
shinjuku_to_takao_direct [holiday] 本数: 35
CSV saved -> /home/masuday/projects/takao35/py_code/../py_data/keio/20250824_holiday_shinjuku_to_takao_direct.csv

=== Route: shinjuku_to_keiohachioji (4254/1/1) [weekday] @ 2025-08-24T09:00:00 ===
[timetable] HTTP 200 application/json
minutesからの候補本数: 272
 progress: 25/272 candidates, kept 13
 progress: 75/272 candidates, kept 25
 progress: 150/272 candidates, kept 37
 progress: 175/272 candidates, kept 45
 progress: 200/272 candidates, kept 53
 progress: 225/272 candidates, kept 62
 progress: 250/272 candidates, kept 67
shinjuku_to_keiohachioji [weekday] 本数: 76
CSV saved -> /home/masuday/projects/takao35/py_code/../py_data/keio/20250824_weekday_shinjuku_to_keiohachioji.csv

=== Route: shinjuku_to_keiohachioji (4254/1/1) [holiday] @ 2025-08-24T09:00:00 ===
[timetable] HTTP 200 application/json
minutesからの候補本数: 272
 progress: 25/272 candidates, kept 8
 progress: 75/272 candidates, kept 23
 progress: 150/272 candidates, kept 36
 progress: 175/272 candidates, kept 41
 progress: 200/272 candidates, kept 46
 progress: 225/272 candidates, kept 50
 progress: 250/272 candidates, kept 59
shinjuku_to_keiohachioji [holiday] 本数: 69
CSV saved -> /home/masuday/projects/takao35/py_code/../py_data/keio/20250824_holiday_shinjuku_to_keiohachioji.csv

=== Route: kitano_to_takao (8408/4/1) [weekday] @ 2025-08-24T09:00:00 ===
[timetable] HTTP 200 application/json
minutesからの候補本数: 54
 progress: 25/54 candidates, kept 13
 progress: 50/54 candidates, kept 22
kitano_to_takao [weekday] 本数: 22
CSV saved -> /home/masuday/projects/takao35/py_code/../py_data/keio/20250824_weekday_kitano_to_takao.csv

=== Route: kitano_to_takao (8408/4/1) [holiday] @ 2025-08-24T09:00:00 ===
[timetable] HTTP 200 application/json
minutesからの候補本数: 54
 progress: 25/54 candidates, kept 12
 progress: 50/54 candidates, kept 28
kitano_to_takao [holiday] 本数: 32
CSV saved -> /home/masuday/projects/takao35/py_code/../py_data/keio/20250824_holiday_kitano_to_takao.csv

=== Route: takao_to_up (2629/4/0) [weekday] @ 2025-08-24T09:00:00 ===
[timetable] HTTP 200 application/json
minutesからの候補本数: 211
 progress: 25/211 candidates, kept 13
 progress: 50/211 candidates, kept 26
 progress: 75/211 candidates, kept 39
 progress: 100/211 candidates, kept 51
 progress: 125/211 candidates, kept 63
 progress: 150/211 candidates, kept 74
 progress: 175/211 candidates, kept 87
 progress: 200/211 candidates, kept 99
takao_to_up [weekday] 本数: 105
CSV saved -> /home/masuday/projects/takao35/py_code/../py_data/keio/20250824_weekday_takao_to_up.csv

=== Route: takao_to_up (2629/4/0) [holiday] @ 2025-08-24T09:00:00 ===
[timetable] HTTP 200 application/json
minutesからの候補本数: 211
 progress: 25/211 candidates, kept 12
 progress: 50/211 candidates, kept 24
 progress: 75/211 candidates, kept 36
 progress: 100/211 candidates, kept 49
 progress: 125/211 candidates, kept 62
 progress: 150/211 candidates, kept 76
 progress: 175/211 candidates, kept 88
 progress: 200/211 candidates, kept 101
takao_to_up [holiday] 本数: 106
CSV saved -> /home/masuday/projects/takao35/py_code/../py_data/keio/20250824_holiday_takao_to_up.csv

=== Route: kitano_to_shinjuku (8408/1/0) [weekday] @ 2025-08-24T09:00:00 ===
[timetable] HTTP 200 application/json
minutesからの候補本数: 180
 progress: 25/180 candidates, kept 12
 progress: 50/180 candidates, kept 25
 progress: 75/180 candidates, kept 37
 progress: 100/180 candidates, kept 50
 progress: 125/180 candidates, kept 62
 progress: 150/180 candidates, kept 72
 progress: 175/180 candidates, kept 82
kitano_to_shinjuku [weekday] 本数: 84
CSV saved -> /home/masuday/projects/takao35/py_code/../py_data/keio/20250824_weekday_kitano_to_shinjuku.csv

=== Route: kitano_to_shinjuku (8408/1/0) [holiday] @ 2025-08-24T09:00:00 ===
[timetable] HTTP 200 application/json
minutesからの候補本数: 180
 progress: 25/180 candidates, kept 13
 progress: 50/180 candidates, kept 25
 progress: 75/180 candidates, kept 38
 progress: 100/180 candidates, kept 50
 progress: 125/180 candidates, kept 63
 progress: 150/180 candidates, kept 78
 progress: 175/180 candidates, kept 93
kitano_to_shinjuku [holiday] 本数: 96
CSV saved -> /home/masuday/projects/takao35/py_code/../py_data/keio/20250824_holiday_kitano_to_shinjuku.csv
Wrote: /home/masuday/projects/takao35/py_data/keio/publish/takao35_timetable_20250824.json
Local cutoff: 20250725  (keep last 30 days)
Remote cutoff: 20250516 (keep last 100 days)
mkdir: Access failed: 550 Can't create directory: File exists (/train)
put: /tmp/tmp.9zLozZC1If/latest.json: No such file or directory
